cd /scr/studyztp/test/NPB3.4-OMP-custom-makefile/common && make all FC='/scr/studyztp/compiler/llvm-dir/bin/flang-new' CC='/scr/studyztp/compiler/llvm-dir/bin/clang' CPP='/scr/studyztp/compiler/llvm-dir/bin/clang++' OPT='/scr/studyztp/compiler/llvm-dir/bin/opt' LLVM_LINK='/scr/studyztp/compiler/llvm-dir/bin/llvm-link' HW_FLAGS='' LIB_FLAGS='-fopenmp -lm ' OPT_FLAGS='-O3 ' LLC='/scr/studyztp/compiler/llvm-dir/bin/llc' LLC_FLAGS='-relocation-model=pic -filetype=obj' BASIC_FLAGS=' -fopenmp -lm  -O3   ' COMMON='/scr/studyztp/test/NPB3.4-OMP-custom-makefile/common' SYS_DIR='/scr/studyztp/test/NPB3.4-OMP-custom-makefile/sys' PAPI_LINE='-I/scr/studyztp/test/NPB3.4-OMP-custom-makefile/common/all_papi/aarch64/include -L/scr/studyztp/test/NPB3.4-OMP-custom-makefile/common/all_papi/aarch64/lib -lpapi -lpthread' M5_LINE='-no-pie -I/scr/studyztp/test/NPB3.4-OMP-custom-makefile/common/gem5 -L/scr/studyztp/test/NPB3.4-OMP-custom-makefile/common/gem5/all_outs/aarch64 -lm5' M5_INCLUDE='-I/scr/studyztp/test/NPB3.4-OMP-custom-makefile/common/gem5' M5_LIB='-L/scr/studyztp/test/NPB3.4-OMP-custom-makefile/common/gem5/all_outs/aarch64 -lm5' HOST_ARCH='aarch64-unknown-linux-gnu' TARGET_ARCH='aarch64' SIZE='A'
make[1]: Entering directory '/scr/studyztp/test/NPB3.4-OMP-custom-makefile/common'
/scr/studyztp/compiler/llvm-dir/bin/clang -fopenmp -lm  -O3    -S -emit-llvm c_print_results.c -o c_print_results.ll
/scr/studyztp/compiler/llvm-dir/bin/clang -fopenmp -lm  -O3    -S -emit-llvm c_timers.c -o c_timers.ll
/scr/studyztp/compiler/llvm-dir/bin/flang-new -fopenmp -lm  -O3    -S -emit-llvm print_results.f90 -o print_results.ll
/scr/studyztp/compiler/llvm-dir/bin/flang-new -fopenmp -lm  -O3    -S -emit-llvm randdp.f90 -o randdp.ll
/scr/studyztp/compiler/llvm-dir/bin/flang-new -fopenmp -lm  -O3    -S -emit-llvm randdpvec.f90 -o randdpvec.ll
/scr/studyztp/compiler/llvm-dir/bin/flang-new -fopenmp -lm  -O3    -S -emit-llvm randi8_safe.f90 -o randi8_safe.ll
/scr/studyztp/compiler/llvm-dir/bin/flang-new -fopenmp -lm  -O3    -S -emit-llvm randi8.f90 -o randi8.ll
/scr/studyztp/compiler/llvm-dir/bin/flang-new -fopenmp -lm  -O3    -S -emit-llvm timers.f90 -o timers.ll
/scr/studyztp/compiler/llvm-dir/bin/clang -fopenmp -lm  -O3    -S -emit-llvm wtime.c -o wtime.ll
/scr/studyztp/compiler/llvm-dir/bin/clang -fopenmp -lm  -O3    -S -DPROFILING -emit-llvm \
c_helper.c -o c_profiling.ll
/scr/studyztp/compiler/llvm-dir/bin/clang -fopenmp -lm  -O3    -S -DNAIVE -emit-llvm \
c_helper.c -o c_naive.ll
/scr/studyztp/compiler/llvm-dir/bin/clang -fopenmp -lm  -O3    -S -DUSING_PAPI_PROFILING -emit-llvm \
c_helper.c -o c_papi_profiling.ll -I/scr/studyztp/test/NPB3.4-OMP-custom-makefile/common/all_papi/aarch64/include -L/scr/studyztp/test/NPB3.4-OMP-custom-makefile/common/all_papi/aarch64/lib -lpapi -lpthread
/scr/studyztp/compiler/llvm-dir/bin/clang -fopenmp -lm  -O3    -S -DMEASURING -DPAPI_MEASURING -emit-llvm \
c_helper.c -o c_papi_measuring.ll -I/scr/studyztp/test/NPB3.4-OMP-custom-makefile/common/all_papi/aarch64/include -L/scr/studyztp/test/NPB3.4-OMP-custom-makefile/common/all_papi/aarch64/lib -lpapi -lpthread
/scr/studyztp/compiler/llvm-dir/bin/clang -fopenmp -lm  -O3    -S -DMEASURING -DM5_FS_MEASURING -emit-llvm \
c_helper.c -o c_m5_fs_measuring.ll -no-pie -I/scr/studyztp/test/NPB3.4-OMP-custom-makefile/common/gem5 -L/scr/studyztp/test/NPB3.4-OMP-custom-makefile/common/gem5/all_outs/aarch64 -lm5
/scr/studyztp/compiler/llvm-dir/bin/clang -fopenmp -lm  -O3    -S -DPAPI_NAIVE -emit-llvm \
c_helper.c -o c_papi_naive.ll -I/scr/studyztp/test/NPB3.4-OMP-custom-makefile/common/all_papi/aarch64/include -L/scr/studyztp/test/NPB3.4-OMP-custom-makefile/common/all_papi/aarch64/lib -lpapi -lpthread
/scr/studyztp/compiler/llvm-dir/bin/clang -fopenmp -lm  -O3    -S -DTIMING_NAIVE -emit-llvm \
c_helper.c -o c_time_naive.ll
/scr/studyztp/compiler/llvm-dir/bin/clang -fopenmp -lm  -O3    -S -DMEASURING -DMARKER_OVERHEAD_MEASURING \
-emit-llvm c_helper.c -o c_marker_overhead_measuring.ll -I/scr/studyztp/test/NPB3.4-OMP-custom-makefile/common/all_papi/aarch64/include -L/scr/studyztp/test/NPB3.4-OMP-custom-makefile/common/all_papi/aarch64/lib -lpapi -lpthread
/scr/studyztp/compiler/llvm-dir/bin/clang -fopenmp -lm  -O3    -S -DLOOPPOINT_M5_FS -emit-llvm \
c_helper.c -o c_marker_looppoint_m5_fs.ll -no-pie -I/scr/studyztp/test/NPB3.4-OMP-custom-makefile/common/gem5 -L/scr/studyztp/test/NPB3.4-OMP-custom-makefile/common/gem5/all_outs/aarch64 -lm5
/scr/studyztp/compiler/llvm-dir/bin/clang -fopenmp -lm  -O3    -S -DM5_FS_WARMUP_MARKER_ONLY -emit-llvm \
c_helper.c -o c_m5_fs_warmup_marker_only.ll -no-pie -I/scr/studyztp/test/NPB3.4-OMP-custom-makefile/common/gem5 -L/scr/studyztp/test/NPB3.4-OMP-custom-makefile/common/gem5/all_outs/aarch64 -lm5
/scr/studyztp/compiler/llvm-dir/bin/clang -fopenmp -lm  -O3    -S -DPROFILING -emit-llvm \
single_thread_c_helper.c -o single_thread_c_profiling.ll
/scr/studyztp/compiler/llvm-dir/bin/clang -fopenmp -lm  -O3    -S -DUSING_PAPI_PROFILING -emit-llvm \
single_thread_c_helper.c -o single_thread_c_papi_profiling.ll -I/scr/studyztp/test/NPB3.4-OMP-custom-makefile/common/all_papi/aarch64/include -L/scr/studyztp/test/NPB3.4-OMP-custom-makefile/common/all_papi/aarch64/lib -lpapi -lpthread
/scr/studyztp/compiler/llvm-dir/bin/clang -fopenmp -lm  -O3    -S -DMEASURING -DPAPI_MEASURING -emit-llvm \
single_thread_c_helper.c -o single_thread_c_papi_measuring.ll -I/scr/studyztp/test/NPB3.4-OMP-custom-makefile/common/all_papi/aarch64/include -L/scr/studyztp/test/NPB3.4-OMP-custom-makefile/common/all_papi/aarch64/lib -lpapi -lpthread
/scr/studyztp/compiler/llvm-dir/bin/clang -fopenmp -lm  -O3    -S -DMEASURING -DM5_FS_MEASURING -emit-llvm \
single_thread_c_helper.c -o single_thread_c_m5_fs_measuring.ll -no-pie -I/scr/studyztp/test/NPB3.4-OMP-custom-makefile/common/gem5 -L/scr/studyztp/test/NPB3.4-OMP-custom-makefile/common/gem5/all_outs/aarch64 -lm5
/scr/studyztp/compiler/llvm-dir/bin/clang -fopenmp -lm  -O3    -S -DMEASURING -DMARKER_OVERHEAD_MEASURING -emit-llvm \
single_thread_c_helper.c -o single_thread_c_marker_overhead_measuring.ll -I/scr/studyztp/test/NPB3.4-OMP-custom-makefile/common/all_papi/aarch64/include -L/scr/studyztp/test/NPB3.4-OMP-custom-makefile/common/all_papi/aarch64/lib -lpapi -lpthread
/scr/studyztp/compiler/llvm-dir/bin/clang -fopenmp -lm  -O3    -S -DM5_FS_NAIVE -emit-llvm \
c_helper.c -o c_m5_fs_naive.ll -no-pie -I/scr/studyztp/test/NPB3.4-OMP-custom-makefile/common/gem5 -L/scr/studyztp/test/NPB3.4-OMP-custom-makefile/common/gem5/all_outs/aarch64 -lm5
make[1]: Leaving directory '/scr/studyztp/test/NPB3.4-OMP-custom-makefile/common'
cd /scr/studyztp/test/NPB3.4-OMP-custom-makefile/SP && make all FC='/scr/studyztp/compiler/llvm-dir/bin/flang-new' CC='/scr/studyztp/compiler/llvm-dir/bin/clang' CPP='/scr/studyztp/compiler/llvm-dir/bin/clang++' OPT='/scr/studyztp/compiler/llvm-dir/bin/opt' LLVM_LINK='/scr/studyztp/compiler/llvm-dir/bin/llvm-link' HW_FLAGS='' LIB_FLAGS='-fopenmp -lm ' OPT_FLAGS='-O3 ' LLC='/scr/studyztp/compiler/llvm-dir/bin/llc' LLC_FLAGS='-relocation-model=pic -filetype=obj' BASIC_FLAGS=' -fopenmp -lm  -O3   ' COMMON='/scr/studyztp/test/NPB3.4-OMP-custom-makefile/common' SYS_DIR='/scr/studyztp/test/NPB3.4-OMP-custom-makefile/sys' PAPI_LINE='-I/scr/studyztp/test/NPB3.4-OMP-custom-makefile/common/all_papi/aarch64/include -L/scr/studyztp/test/NPB3.4-OMP-custom-makefile/common/all_papi/aarch64/lib -lpapi -lpthread' M5_LINE='-no-pie -I/scr/studyztp/test/NPB3.4-OMP-custom-makefile/common/gem5 -L/scr/studyztp/test/NPB3.4-OMP-custom-makefile/common/gem5/all_outs/aarch64 -lm5' M5_INCLUDE='-I/scr/studyztp/test/NPB3.4-OMP-custom-makefile/common/gem5' M5_LIB='-L/scr/studyztp/test/NPB3.4-OMP-custom-makefile/common/gem5/all_outs/aarch64 -lm5' HOST_ARCH='aarch64-unknown-linux-gnu' TARGET_ARCH='aarch64' SIZE='A'
make[1]: Entering directory '/scr/studyztp/test/NPB3.4-OMP-custom-makefile/SP'
/scr/studyztp/compiler/llvm-dir/bin/clang -o setparams /scr/studyztp/test/NPB3.4-OMP-custom-makefile/sys/setparams.c --target=aarch64-unknown-linux-gnu
make clean_all_sizes;
make[2]: Entering directory '/scr/studyztp/test/NPB3.4-OMP-custom-makefile/SP'
for size in A B C D E ; do \
	rm -f /scr/studyztp/test/NPB3.4-OMP-custom-makefile/SP/$size/*.ll; \
	rm -f /scr/studyztp/test/NPB3.4-OMP-custom-makefile/SP/$size/*.bc; \
	rm -f /scr/studyztp/test/NPB3.4-OMP-custom-makefile/SP/$size/npbparams.h; \
done
make[2]: Leaving directory '/scr/studyztp/test/NPB3.4-OMP-custom-makefile/SP'
for size in A B C D E ; do \
	make clean; \
	./setparams sp $size; \
	mkdir -p $size; \
	make sp.bc SIZE=$size; \
	cp /scr/studyztp/test/NPB3.4-OMP-custom-makefile/SP/*.ll /scr/studyztp/test/NPB3.4-OMP-custom-makefile/SP/$size/; \
	cp /scr/studyztp/test/NPB3.4-OMP-custom-makefile/SP/*.bc /scr/studyztp/test/NPB3.4-OMP-custom-makefile/SP/$size/; \
	cp npbparams.h /scr/studyztp/test/NPB3.4-OMP-custom-makefile/SP/$size/; \
	/scr/studyztp/compiler/llvm-dir/bin/opt -O3  /scr/studyztp/test/NPB3.4-OMP-custom-makefile/SP/$size/sp.bc -o  /scr/studyztp/test/NPB3.4-OMP-custom-makefile/SP/$size/sp_O3_2024-09-12-01-12-26.bc; \
done
make[2]: Entering directory '/scr/studyztp/test/NPB3.4-OMP-custom-makefile/SP'
rm -f *.o *~ *.mod mputil*
rm -f npbparams.h core blk_par.h
if [ -d rii_files ]; then rm -r rii_files; fi
rm -f *.ll *.bc
make[2]: Leaving directory '/scr/studyztp/test/NPB3.4-OMP-custom-makefile/SP'
make[2]: Entering directory '/scr/studyztp/test/NPB3.4-OMP-custom-makefile/SP'
/scr/studyztp/compiler/llvm-dir/bin/flang-new -fopenmp -lm  -O3    -S -emit-llvm sp_data.f90 -o sp_data.ll
sed -e 's/= 0/= 0/' blk_par0.h > blk_par.h_wk
/scr/studyztp/compiler/llvm-dir/bin/flang-new -fopenmp -lm  -O3    -S -emit-llvm sp.f90 -o sp.ll
/scr/studyztp/compiler/llvm-dir/bin/flang-new -fopenmp -lm  -O3    -S -emit-llvm initialize.f90 -o initialize.ll
/scr/studyztp/compiler/llvm-dir/bin/flang-new -fopenmp -lm  -O3    -S -emit-llvm exact_solution.f90 -o exact_solution.ll
/scr/studyztp/compiler/llvm-dir/bin/flang-new -fopenmp -lm  -O3    -S -emit-llvm exact_rhs.f90 -o exact_rhs.ll
/scr/studyztp/compiler/llvm-dir/bin/flang-new -fopenmp -lm  -O3    -S -emit-llvm set_constants.f90 -o set_constants.ll
/scr/studyztp/compiler/llvm-dir/bin/flang-new -fopenmp -lm  -O3    -S -emit-llvm adi.f90 -o adi.ll
/scr/studyztp/compiler/llvm-dir/bin/flang-new -fopenmp -lm  -O3    -S -emit-llvm rhs.f90 -o rhs.ll
/scr/studyztp/compiler/llvm-dir/bin/flang-new -fopenmp -lm  -O3    -S -emit-llvm work_lhs.f90 -o work_lhs.ll
/scr/studyztp/compiler/llvm-dir/bin/flang-new -fopenmp -lm  -O3    -S -emit-llvm x_solve.f90 -o x_solve.ll
/scr/studyztp/compiler/llvm-dir/bin/flang-new -fopenmp -lm  -O3    -S -emit-llvm ninvr.f90 -o ninvr.ll
/scr/studyztp/compiler/llvm-dir/bin/flang-new -fopenmp -lm  -O3    -S -emit-llvm y_solve.f90 -o y_solve.ll
/scr/studyztp/compiler/llvm-dir/bin/flang-new -fopenmp -lm  -O3    -S -emit-llvm pinvr.f90 -o pinvr.ll
/scr/studyztp/compiler/llvm-dir/bin/flang-new -fopenmp -lm  -O3    -S -emit-llvm z_solve.f90 -o z_solve.ll
/scr/studyztp/compiler/llvm-dir/bin/flang-new -fopenmp -lm  -O3    -S -emit-llvm tzetar.f90 -o tzetar.ll
/scr/studyztp/compiler/llvm-dir/bin/flang-new -fopenmp -lm  -O3    -S -emit-llvm add.f90 -o add.ll
/scr/studyztp/compiler/llvm-dir/bin/flang-new -fopenmp -lm  -O3    -S -emit-llvm txinvr.f90 -o txinvr.ll
/scr/studyztp/compiler/llvm-dir/bin/flang-new -fopenmp -lm  -O3    -S -emit-llvm error.f90 -o error.ll
/scr/studyztp/compiler/llvm-dir/bin/flang-new -fopenmp -lm  -O3    -S -emit-llvm verify.f90 -o verify.ll
/scr/studyztp/compiler/llvm-dir/bin/llvm-link -o sp.bc sp.ll sp_data.ll initialize.ll exact_solution.ll \
exact_rhs.ll set_constants.ll adi.ll rhs.ll work_lhs.ll \
x_solve.ll ninvr.ll y_solve.ll pinvr.ll \
z_solve.ll tzetar.ll add.ll txinvr.ll error.ll verify.ll \
/scr/studyztp/test/NPB3.4-OMP-custom-makefile/common/print_results.ll /scr/studyztp/test/NPB3.4-OMP-custom-makefile/common/timers.ll /scr/studyztp/test/NPB3.4-OMP-custom-makefile/common/wtime.ll
make[2]: Leaving directory '/scr/studyztp/test/NPB3.4-OMP-custom-makefile/SP'
make[2]: Entering directory '/scr/studyztp/test/NPB3.4-OMP-custom-makefile/SP'
rm -f *.o *~ *.mod mputil*
rm -f npbparams.h core blk_par.h
if [ -d rii_files ]; then rm -r rii_files; fi
rm -f *.ll *.bc
make[2]: Leaving directory '/scr/studyztp/test/NPB3.4-OMP-custom-makefile/SP'
make[2]: Entering directory '/scr/studyztp/test/NPB3.4-OMP-custom-makefile/SP'
/scr/studyztp/compiler/llvm-dir/bin/flang-new -fopenmp -lm  -O3    -S -emit-llvm sp_data.f90 -o sp_data.ll
sed -e 's/= 0/= 0/' blk_par0.h > blk_par.h_wk
/scr/studyztp/compiler/llvm-dir/bin/flang-new -fopenmp -lm  -O3    -S -emit-llvm sp.f90 -o sp.ll
/scr/studyztp/compiler/llvm-dir/bin/flang-new -fopenmp -lm  -O3    -S -emit-llvm initialize.f90 -o initialize.ll
/scr/studyztp/compiler/llvm-dir/bin/flang-new -fopenmp -lm  -O3    -S -emit-llvm exact_solution.f90 -o exact_solution.ll
/scr/studyztp/compiler/llvm-dir/bin/flang-new -fopenmp -lm  -O3    -S -emit-llvm exact_rhs.f90 -o exact_rhs.ll
/scr/studyztp/compiler/llvm-dir/bin/flang-new -fopenmp -lm  -O3    -S -emit-llvm set_constants.f90 -o set_constants.ll
/scr/studyztp/compiler/llvm-dir/bin/flang-new -fopenmp -lm  -O3    -S -emit-llvm adi.f90 -o adi.ll
/scr/studyztp/compiler/llvm-dir/bin/flang-new -fopenmp -lm  -O3    -S -emit-llvm rhs.f90 -o rhs.ll
/scr/studyztp/compiler/llvm-dir/bin/flang-new -fopenmp -lm  -O3    -S -emit-llvm work_lhs.f90 -o work_lhs.ll
/scr/studyztp/compiler/llvm-dir/bin/flang-new -fopenmp -lm  -O3    -S -emit-llvm x_solve.f90 -o x_solve.ll
/scr/studyztp/compiler/llvm-dir/bin/flang-new -fopenmp -lm  -O3    -S -emit-llvm ninvr.f90 -o ninvr.ll
/scr/studyztp/compiler/llvm-dir/bin/flang-new -fopenmp -lm  -O3    -S -emit-llvm y_solve.f90 -o y_solve.ll
/scr/studyztp/compiler/llvm-dir/bin/flang-new -fopenmp -lm  -O3    -S -emit-llvm pinvr.f90 -o pinvr.ll
/scr/studyztp/compiler/llvm-dir/bin/flang-new -fopenmp -lm  -O3    -S -emit-llvm z_solve.f90 -o z_solve.ll
/scr/studyztp/compiler/llvm-dir/bin/flang-new -fopenmp -lm  -O3    -S -emit-llvm tzetar.f90 -o tzetar.ll
/scr/studyztp/compiler/llvm-dir/bin/flang-new -fopenmp -lm  -O3    -S -emit-llvm add.f90 -o add.ll
/scr/studyztp/compiler/llvm-dir/bin/flang-new -fopenmp -lm  -O3    -S -emit-llvm txinvr.f90 -o txinvr.ll
/scr/studyztp/compiler/llvm-dir/bin/flang-new -fopenmp -lm  -O3    -S -emit-llvm error.f90 -o error.ll
/scr/studyztp/compiler/llvm-dir/bin/flang-new -fopenmp -lm  -O3    -S -emit-llvm verify.f90 -o verify.ll
/scr/studyztp/compiler/llvm-dir/bin/llvm-link -o sp.bc sp.ll sp_data.ll initialize.ll exact_solution.ll \
exact_rhs.ll set_constants.ll adi.ll rhs.ll work_lhs.ll \
x_solve.ll ninvr.ll y_solve.ll pinvr.ll \
z_solve.ll tzetar.ll add.ll txinvr.ll error.ll verify.ll \
/scr/studyztp/test/NPB3.4-OMP-custom-makefile/common/print_results.ll /scr/studyztp/test/NPB3.4-OMP-custom-makefile/common/timers.ll /scr/studyztp/test/NPB3.4-OMP-custom-makefile/common/wtime.ll
make[2]: Leaving directory '/scr/studyztp/test/NPB3.4-OMP-custom-makefile/SP'
make[2]: Entering directory '/scr/studyztp/test/NPB3.4-OMP-custom-makefile/SP'
rm -f *.o *~ *.mod mputil*
rm -f npbparams.h core blk_par.h
if [ -d rii_files ]; then rm -r rii_files; fi
rm -f *.ll *.bc
make[2]: Leaving directory '/scr/studyztp/test/NPB3.4-OMP-custom-makefile/SP'
make[2]: Entering directory '/scr/studyztp/test/NPB3.4-OMP-custom-makefile/SP'
/scr/studyztp/compiler/llvm-dir/bin/flang-new -fopenmp -lm  -O3    -S -emit-llvm sp_data.f90 -o sp_data.ll
sed -e 's/= 0/= 0/' blk_par0.h > blk_par.h_wk
/scr/studyztp/compiler/llvm-dir/bin/flang-new -fopenmp -lm  -O3    -S -emit-llvm sp.f90 -o sp.ll
/scr/studyztp/compiler/llvm-dir/bin/flang-new -fopenmp -lm  -O3    -S -emit-llvm initialize.f90 -o initialize.ll
/scr/studyztp/compiler/llvm-dir/bin/flang-new -fopenmp -lm  -O3    -S -emit-llvm exact_solution.f90 -o exact_solution.ll
/scr/studyztp/compiler/llvm-dir/bin/flang-new -fopenmp -lm  -O3    -S -emit-llvm exact_rhs.f90 -o exact_rhs.ll
/scr/studyztp/compiler/llvm-dir/bin/flang-new -fopenmp -lm  -O3    -S -emit-llvm set_constants.f90 -o set_constants.ll
/scr/studyztp/compiler/llvm-dir/bin/flang-new -fopenmp -lm  -O3    -S -emit-llvm adi.f90 -o adi.ll
/scr/studyztp/compiler/llvm-dir/bin/flang-new -fopenmp -lm  -O3    -S -emit-llvm rhs.f90 -o rhs.ll
/scr/studyztp/compiler/llvm-dir/bin/flang-new -fopenmp -lm  -O3    -S -emit-llvm work_lhs.f90 -o work_lhs.ll
/scr/studyztp/compiler/llvm-dir/bin/flang-new -fopenmp -lm  -O3    -S -emit-llvm x_solve.f90 -o x_solve.ll
/scr/studyztp/compiler/llvm-dir/bin/flang-new -fopenmp -lm  -O3    -S -emit-llvm ninvr.f90 -o ninvr.ll
/scr/studyztp/compiler/llvm-dir/bin/flang-new -fopenmp -lm  -O3    -S -emit-llvm y_solve.f90 -o y_solve.ll
/scr/studyztp/compiler/llvm-dir/bin/flang-new -fopenmp -lm  -O3    -S -emit-llvm pinvr.f90 -o pinvr.ll
/scr/studyztp/compiler/llvm-dir/bin/flang-new -fopenmp -lm  -O3    -S -emit-llvm z_solve.f90 -o z_solve.ll
/scr/studyztp/compiler/llvm-dir/bin/flang-new -fopenmp -lm  -O3    -S -emit-llvm tzetar.f90 -o tzetar.ll
/scr/studyztp/compiler/llvm-dir/bin/flang-new -fopenmp -lm  -O3    -S -emit-llvm add.f90 -o add.ll
/scr/studyztp/compiler/llvm-dir/bin/flang-new -fopenmp -lm  -O3    -S -emit-llvm txinvr.f90 -o txinvr.ll
/scr/studyztp/compiler/llvm-dir/bin/flang-new -fopenmp -lm  -O3    -S -emit-llvm error.f90 -o error.ll
/scr/studyztp/compiler/llvm-dir/bin/flang-new -fopenmp -lm  -O3    -S -emit-llvm verify.f90 -o verify.ll
/scr/studyztp/compiler/llvm-dir/bin/llvm-link -o sp.bc sp.ll sp_data.ll initialize.ll exact_solution.ll \
exact_rhs.ll set_constants.ll adi.ll rhs.ll work_lhs.ll \
x_solve.ll ninvr.ll y_solve.ll pinvr.ll \
z_solve.ll tzetar.ll add.ll txinvr.ll error.ll verify.ll \
/scr/studyztp/test/NPB3.4-OMP-custom-makefile/common/print_results.ll /scr/studyztp/test/NPB3.4-OMP-custom-makefile/common/timers.ll /scr/studyztp/test/NPB3.4-OMP-custom-makefile/common/wtime.ll
make[2]: Leaving directory '/scr/studyztp/test/NPB3.4-OMP-custom-makefile/SP'
make[2]: Entering directory '/scr/studyztp/test/NPB3.4-OMP-custom-makefile/SP'
rm -f *.o *~ *.mod mputil*
rm -f npbparams.h core blk_par.h
if [ -d rii_files ]; then rm -r rii_files; fi
rm -f *.ll *.bc
make[2]: Leaving directory '/scr/studyztp/test/NPB3.4-OMP-custom-makefile/SP'
make[2]: Entering directory '/scr/studyztp/test/NPB3.4-OMP-custom-makefile/SP'
/scr/studyztp/compiler/llvm-dir/bin/flang-new -fopenmp -lm  -O3    -S -emit-llvm sp_data.f90 -o sp_data.ll
sed -e 's/= 0/= 0/' blk_par0.h > blk_par.h_wk
/scr/studyztp/compiler/llvm-dir/bin/flang-new -fopenmp -lm  -O3    -S -emit-llvm sp.f90 -o sp.ll
/scr/studyztp/compiler/llvm-dir/bin/flang-new -fopenmp -lm  -O3    -S -emit-llvm initialize.f90 -o initialize.ll
/scr/studyztp/compiler/llvm-dir/bin/flang-new -fopenmp -lm  -O3    -S -emit-llvm exact_solution.f90 -o exact_solution.ll
/scr/studyztp/compiler/llvm-dir/bin/flang-new -fopenmp -lm  -O3    -S -emit-llvm exact_rhs.f90 -o exact_rhs.ll
/scr/studyztp/compiler/llvm-dir/bin/flang-new -fopenmp -lm  -O3    -S -emit-llvm set_constants.f90 -o set_constants.ll
/scr/studyztp/compiler/llvm-dir/bin/flang-new -fopenmp -lm  -O3    -S -emit-llvm adi.f90 -o adi.ll
/scr/studyztp/compiler/llvm-dir/bin/flang-new -fopenmp -lm  -O3    -S -emit-llvm rhs.f90 -o rhs.ll
/scr/studyztp/compiler/llvm-dir/bin/flang-new -fopenmp -lm  -O3    -S -emit-llvm work_lhs.f90 -o work_lhs.ll
/scr/studyztp/compiler/llvm-dir/bin/flang-new -fopenmp -lm  -O3    -S -emit-llvm x_solve.f90 -o x_solve.ll
/scr/studyztp/compiler/llvm-dir/bin/flang-new -fopenmp -lm  -O3    -S -emit-llvm ninvr.f90 -o ninvr.ll
/scr/studyztp/compiler/llvm-dir/bin/flang-new -fopenmp -lm  -O3    -S -emit-llvm y_solve.f90 -o y_solve.ll
/scr/studyztp/compiler/llvm-dir/bin/flang-new -fopenmp -lm  -O3    -S -emit-llvm pinvr.f90 -o pinvr.ll
/scr/studyztp/compiler/llvm-dir/bin/flang-new -fopenmp -lm  -O3    -S -emit-llvm z_solve.f90 -o z_solve.ll
/scr/studyztp/compiler/llvm-dir/bin/flang-new -fopenmp -lm  -O3    -S -emit-llvm tzetar.f90 -o tzetar.ll
/scr/studyztp/compiler/llvm-dir/bin/flang-new -fopenmp -lm  -O3    -S -emit-llvm add.f90 -o add.ll
/scr/studyztp/compiler/llvm-dir/bin/flang-new -fopenmp -lm  -O3    -S -emit-llvm txinvr.f90 -o txinvr.ll
/scr/studyztp/compiler/llvm-dir/bin/flang-new -fopenmp -lm  -O3    -S -emit-llvm error.f90 -o error.ll
/scr/studyztp/compiler/llvm-dir/bin/flang-new -fopenmp -lm  -O3    -S -emit-llvm verify.f90 -o verify.ll
/scr/studyztp/compiler/llvm-dir/bin/llvm-link -o sp.bc sp.ll sp_data.ll initialize.ll exact_solution.ll \
exact_rhs.ll set_constants.ll adi.ll rhs.ll work_lhs.ll \
x_solve.ll ninvr.ll y_solve.ll pinvr.ll \
z_solve.ll tzetar.ll add.ll txinvr.ll error.ll verify.ll \
/scr/studyztp/test/NPB3.4-OMP-custom-makefile/common/print_results.ll /scr/studyztp/test/NPB3.4-OMP-custom-makefile/common/timers.ll /scr/studyztp/test/NPB3.4-OMP-custom-makefile/common/wtime.ll
make[2]: Leaving directory '/scr/studyztp/test/NPB3.4-OMP-custom-makefile/SP'
make[2]: Entering directory '/scr/studyztp/test/NPB3.4-OMP-custom-makefile/SP'
rm -f *.o *~ *.mod mputil*
rm -f npbparams.h core blk_par.h
if [ -d rii_files ]; then rm -r rii_files; fi
rm -f *.ll *.bc
make[2]: Leaving directory '/scr/studyztp/test/NPB3.4-OMP-custom-makefile/SP'
make[2]: Entering directory '/scr/studyztp/test/NPB3.4-OMP-custom-makefile/SP'
/scr/studyztp/compiler/llvm-dir/bin/flang-new -fopenmp -lm  -O3    -S -emit-llvm sp_data.f90 -o sp_data.ll
sed -e 's/= 0/= 0/' blk_par0.h > blk_par.h_wk
/scr/studyztp/compiler/llvm-dir/bin/flang-new -fopenmp -lm  -O3    -S -emit-llvm sp.f90 -o sp.ll
/scr/studyztp/compiler/llvm-dir/bin/flang-new -fopenmp -lm  -O3    -S -emit-llvm initialize.f90 -o initialize.ll
/scr/studyztp/compiler/llvm-dir/bin/flang-new -fopenmp -lm  -O3    -S -emit-llvm exact_solution.f90 -o exact_solution.ll
/scr/studyztp/compiler/llvm-dir/bin/flang-new -fopenmp -lm  -O3    -S -emit-llvm exact_rhs.f90 -o exact_rhs.ll
/scr/studyztp/compiler/llvm-dir/bin/flang-new -fopenmp -lm  -O3    -S -emit-llvm set_constants.f90 -o set_constants.ll
/scr/studyztp/compiler/llvm-dir/bin/flang-new -fopenmp -lm  -O3    -S -emit-llvm adi.f90 -o adi.ll
/scr/studyztp/compiler/llvm-dir/bin/flang-new -fopenmp -lm  -O3    -S -emit-llvm rhs.f90 -o rhs.ll
/scr/studyztp/compiler/llvm-dir/bin/flang-new -fopenmp -lm  -O3    -S -emit-llvm work_lhs.f90 -o work_lhs.ll
/scr/studyztp/compiler/llvm-dir/bin/flang-new -fopenmp -lm  -O3    -S -emit-llvm x_solve.f90 -o x_solve.ll
/scr/studyztp/compiler/llvm-dir/bin/flang-new -fopenmp -lm  -O3    -S -emit-llvm ninvr.f90 -o ninvr.ll
/scr/studyztp/compiler/llvm-dir/bin/flang-new -fopenmp -lm  -O3    -S -emit-llvm y_solve.f90 -o y_solve.ll
/scr/studyztp/compiler/llvm-dir/bin/flang-new -fopenmp -lm  -O3    -S -emit-llvm pinvr.f90 -o pinvr.ll
/scr/studyztp/compiler/llvm-dir/bin/flang-new -fopenmp -lm  -O3    -S -emit-llvm z_solve.f90 -o z_solve.ll
/scr/studyztp/compiler/llvm-dir/bin/flang-new -fopenmp -lm  -O3    -S -emit-llvm tzetar.f90 -o tzetar.ll
/scr/studyztp/compiler/llvm-dir/bin/flang-new -fopenmp -lm  -O3    -S -emit-llvm add.f90 -o add.ll
/scr/studyztp/compiler/llvm-dir/bin/flang-new -fopenmp -lm  -O3    -S -emit-llvm txinvr.f90 -o txinvr.ll
/scr/studyztp/compiler/llvm-dir/bin/flang-new -fopenmp -lm  -O3    -S -emit-llvm error.f90 -o error.ll
/scr/studyztp/compiler/llvm-dir/bin/flang-new -fopenmp -lm  -O3    -S -emit-llvm verify.f90 -o verify.ll
/scr/studyztp/compiler/llvm-dir/bin/llvm-link -o sp.bc sp.ll sp_data.ll initialize.ll exact_solution.ll \
exact_rhs.ll set_constants.ll adi.ll rhs.ll work_lhs.ll \
x_solve.ll ninvr.ll y_solve.ll pinvr.ll \
z_solve.ll tzetar.ll add.ll txinvr.ll error.ll verify.ll \
/scr/studyztp/test/NPB3.4-OMP-custom-makefile/common/print_results.ll /scr/studyztp/test/NPB3.4-OMP-custom-makefile/common/timers.ll /scr/studyztp/test/NPB3.4-OMP-custom-makefile/common/wtime.ll
make[2]: Leaving directory '/scr/studyztp/test/NPB3.4-OMP-custom-makefile/SP'
make clean;
make[2]: Entering directory '/scr/studyztp/test/NPB3.4-OMP-custom-makefile/SP'
rm -f *.o *~ *.mod mputil*
rm -f npbparams.h core blk_par.h
if [ -d rii_files ]; then rm -r rii_files; fi
rm -f *.ll *.bc
make[2]: Leaving directory '/scr/studyztp/test/NPB3.4-OMP-custom-makefile/SP'
make[1]: Leaving directory '/scr/studyztp/test/NPB3.4-OMP-custom-makefile/SP'
