clang: warning: -lm: 'linker' input unused [-Wunused-command-line-argument]
clang: warning: -lm: 'linker' input unused [-Wunused-command-line-argument]
flang-new: warning: -lm: 'linker' input unused [-Wunused-command-line-argument]
flang-new: warning: -lm: 'linker' input unused [-Wunused-command-line-argument]
flang-new: warning: -lm: 'linker' input unused [-Wunused-command-line-argument]
flang-new: warning: -lm: 'linker' input unused [-Wunused-command-line-argument]
flang-new: warning: -lm: 'linker' input unused [-Wunused-command-line-argument]
flang-new: warning: -lm: 'linker' input unused [-Wunused-command-line-argument]
clang: warning: -lm: 'linker' input unused [-Wunused-command-line-argument]
clang: warning: -lm: 'linker' input unused [-Wunused-command-line-argument]
clang: warning: -lm: 'linker' input unused [-Wunused-command-line-argument]
clang: warning: -lm: 'linker' input unused [-Wunused-command-line-argument]
clang: warning: -lpapi: 'linker' input unused [-Wunused-command-line-argument]
clang: warning: -lpthread: 'linker' input unused [-Wunused-command-line-argument]
clang: warning: argument unused during compilation: '-L/scr/studyztp/test/NPB3.4-OMP-custom-makefile/common/all_papi/aarch64/lib' [-Wunused-command-line-argument]
clang: warning: -lm: 'linker' input unused [-Wunused-command-line-argument]
clang: warning: -lpapi: 'linker' input unused [-Wunused-command-line-argument]
clang: warning: -lpthread: 'linker' input unused [-Wunused-command-line-argument]
clang: warning: argument unused during compilation: '-L/scr/studyztp/test/NPB3.4-OMP-custom-makefile/common/all_papi/aarch64/lib' [-Wunused-command-line-argument]
clang: warning: -lm: 'linker' input unused [-Wunused-command-line-argument]
clang: warning: -lm5: 'linker' input unused [-Wunused-command-line-argument]
clang: warning: argument unused during compilation: '-no-pie' [-Wunused-command-line-argument]
clang: warning: argument unused during compilation: '-L/scr/studyztp/test/NPB3.4-OMP-custom-makefile/common/gem5/all_outs/aarch64' [-Wunused-command-line-argument]
clang: warning: -lm: 'linker' input unused [-Wunused-command-line-argument]
clang: warning: -lpapi: 'linker' input unused [-Wunused-command-line-argument]
clang: warning: -lpthread: 'linker' input unused [-Wunused-command-line-argument]
clang: warning: argument unused during compilation: '-L/scr/studyztp/test/NPB3.4-OMP-custom-makefile/common/all_papi/aarch64/lib' [-Wunused-command-line-argument]
clang: warning: -lm: 'linker' input unused [-Wunused-command-line-argument]
clang: warning: -lm: 'linker' input unused [-Wunused-command-line-argument]
clang: warning: -lpapi: 'linker' input unused [-Wunused-command-line-argument]
clang: warning: -lpthread: 'linker' input unused [-Wunused-command-line-argument]
clang: warning: argument unused during compilation: '-L/scr/studyztp/test/NPB3.4-OMP-custom-makefile/common/all_papi/aarch64/lib' [-Wunused-command-line-argument]
clang: warning: -lm: 'linker' input unused [-Wunused-command-line-argument]
clang: warning: -lm5: 'linker' input unused [-Wunused-command-line-argument]
clang: warning: argument unused during compilation: '-no-pie' [-Wunused-command-line-argument]
clang: warning: argument unused during compilation: '-L/scr/studyztp/test/NPB3.4-OMP-custom-makefile/common/gem5/all_outs/aarch64' [-Wunused-command-line-argument]
clang: warning: -lm: 'linker' input unused [-Wunused-command-line-argument]
clang: warning: -lm5: 'linker' input unused [-Wunused-command-line-argument]
clang: warning: argument unused during compilation: '-no-pie' [-Wunused-command-line-argument]
clang: warning: argument unused during compilation: '-L/scr/studyztp/test/NPB3.4-OMP-custom-makefile/common/gem5/all_outs/aarch64' [-Wunused-command-line-argument]
clang: warning: -lm: 'linker' input unused [-Wunused-command-line-argument]
clang: warning: -lm: 'linker' input unused [-Wunused-command-line-argument]
clang: warning: -lpapi: 'linker' input unused [-Wunused-command-line-argument]
clang: warning: -lpthread: 'linker' input unused [-Wunused-command-line-argument]
clang: warning: argument unused during compilation: '-L/scr/studyztp/test/NPB3.4-OMP-custom-makefile/common/all_papi/aarch64/lib' [-Wunused-command-line-argument]
clang: warning: -lm: 'linker' input unused [-Wunused-command-line-argument]
clang: warning: -lpapi: 'linker' input unused [-Wunused-command-line-argument]
clang: warning: -lpthread: 'linker' input unused [-Wunused-command-line-argument]
clang: warning: argument unused during compilation: '-L/scr/studyztp/test/NPB3.4-OMP-custom-makefile/common/all_papi/aarch64/lib' [-Wunused-command-line-argument]
clang: warning: -lm: 'linker' input unused [-Wunused-command-line-argument]
clang: warning: -lm5: 'linker' input unused [-Wunused-command-line-argument]
clang: warning: argument unused during compilation: '-no-pie' [-Wunused-command-line-argument]
clang: warning: argument unused during compilation: '-L/scr/studyztp/test/NPB3.4-OMP-custom-makefile/common/gem5/all_outs/aarch64' [-Wunused-command-line-argument]
clang: warning: -lm: 'linker' input unused [-Wunused-command-line-argument]
clang: warning: -lpapi: 'linker' input unused [-Wunused-command-line-argument]
clang: warning: -lpthread: 'linker' input unused [-Wunused-command-line-argument]
clang: warning: argument unused during compilation: '-L/scr/studyztp/test/NPB3.4-OMP-custom-makefile/common/all_papi/aarch64/lib' [-Wunused-command-line-argument]
clang: warning: -lm: 'linker' input unused [-Wunused-command-line-argument]
clang: warning: -lm5: 'linker' input unused [-Wunused-command-line-argument]
clang: warning: argument unused during compilation: '-no-pie' [-Wunused-command-line-argument]
clang: warning: argument unused during compilation: '-L/scr/studyztp/test/NPB3.4-OMP-custom-makefile/common/gem5/all_outs/aarch64' [-Wunused-command-line-argument]
flang-new: warning: -lm: 'linker' input unused [-Wunused-command-line-argument]
flang-new: warning: -lm: 'linker' input unused [-Wunused-command-line-argument]
flang-new: warning: -lm: 'linker' input unused [-Wunused-command-line-argument]
flang-new: warning: -lm: 'linker' input unused [-Wunused-command-line-argument]
flang-new: warning: -lm: 'linker' input unused [-Wunused-command-line-argument]
flang-new: warning: -lm: 'linker' input unused [-Wunused-command-line-argument]
flang-new: warning: -lm: 'linker' input unused [-Wunused-command-line-argument]
flang-new: warning: -lm: 'linker' input unused [-Wunused-command-line-argument]
flang-new: warning: -lm: 'linker' input unused [-Wunused-command-line-argument]
flang-new: warning: -lm: 'linker' input unused [-Wunused-command-line-argument]
flang-new: warning: -lm: 'linker' input unused [-Wunused-command-line-argument]
flang-new: warning: -lm: 'linker' input unused [-Wunused-command-line-argument]
flang-new: warning: -lm: 'linker' input unused [-Wunused-command-line-argument]
flang-new: warning: -lm: 'linker' input unused [-Wunused-command-line-argument]
flang-new: warning: -lm: 'linker' input unused [-Wunused-command-line-argument]
flang-new: warning: -lm: 'linker' input unused [-Wunused-command-line-argument]
flang-new: warning: -lm: 'linker' input unused [-Wunused-command-line-argument]
flang-new: warning: -lm: 'linker' input unused [-Wunused-command-line-argument]
flang-new: warning: -lm: 'linker' input unused [-Wunused-command-line-argument]
flang-new: warning: -lm: 'linker' input unused [-Wunused-command-line-argument]
flang-new: warning: -lm: 'linker' input unused [-Wunused-command-line-argument]
flang-new: warning: -lm: 'linker' input unused [-Wunused-command-line-argument]
flang-new: warning: -lm: 'linker' input unused [-Wunused-command-line-argument]
flang-new: warning: -lm: 'linker' input unused [-Wunused-command-line-argument]
flang-new: warning: -lm: 'linker' input unused [-Wunused-command-line-argument]
flang-new: warning: -lm: 'linker' input unused [-Wunused-command-line-argument]
flang-new: warning: -lm: 'linker' input unused [-Wunused-command-line-argument]
flang-new: warning: -lm: 'linker' input unused [-Wunused-command-line-argument]
flang-new: warning: -lm: 'linker' input unused [-Wunused-command-line-argument]
flang-new: warning: -lm: 'linker' input unused [-Wunused-command-line-argument]
flang-new: warning: -lm: 'linker' input unused [-Wunused-command-line-argument]
flang-new: warning: -lm: 'linker' input unused [-Wunused-command-line-argument]
flang-new: warning: -lm: 'linker' input unused [-Wunused-command-line-argument]
flang-new: warning: -lm: 'linker' input unused [-Wunused-command-line-argument]
flang-new: warning: -lm: 'linker' input unused [-Wunused-command-line-argument]
flang-new: warning: -lm: 'linker' input unused [-Wunused-command-line-argument]
flang-new: warning: -lm: 'linker' input unused [-Wunused-command-line-argument]
flang-new: warning: -lm: 'linker' input unused [-Wunused-command-line-argument]
flang-new: warning: -lm: 'linker' input unused [-Wunused-command-line-argument]
flang-new: warning: -lm: 'linker' input unused [-Wunused-command-line-argument]
flang-new: warning: -lm: 'linker' input unused [-Wunused-command-line-argument]
flang-new: warning: -lm: 'linker' input unused [-Wunused-command-line-argument]
flang-new: warning: -lm: 'linker' input unused [-Wunused-command-line-argument]
flang-new: warning: -lm: 'linker' input unused [-Wunused-command-line-argument]
flang-new: warning: -lm: 'linker' input unused [-Wunused-command-line-argument]
flang-new: warning: -lm: 'linker' input unused [-Wunused-command-line-argument]
flang-new: warning: -lm: 'linker' input unused [-Wunused-command-line-argument]
flang-new: warning: -lm: 'linker' input unused [-Wunused-command-line-argument]
flang-new: warning: -lm: 'linker' input unused [-Wunused-command-line-argument]
flang-new: warning: -lm: 'linker' input unused [-Wunused-command-line-argument]
flang-new: warning: -lm: 'linker' input unused [-Wunused-command-line-argument]
flang-new: warning: -lm: 'linker' input unused [-Wunused-command-line-argument]
flang-new: warning: -lm: 'linker' input unused [-Wunused-command-line-argument]
flang-new: warning: -lm: 'linker' input unused [-Wunused-command-line-argument]
flang-new: warning: -lm: 'linker' input unused [-Wunused-command-line-argument]
flang-new: warning: -lm: 'linker' input unused [-Wunused-command-line-argument]
flang-new: warning: -lm: 'linker' input unused [-Wunused-command-line-argument]
flang-new: warning: -lm: 'linker' input unused [-Wunused-command-line-argument]
flang-new: warning: -lm: 'linker' input unused [-Wunused-command-line-argument]
flang-new: warning: -lm: 'linker' input unused [-Wunused-command-line-argument]
flang-new: warning: -lm: 'linker' input unused [-Wunused-command-line-argument]
flang-new: warning: -lm: 'linker' input unused [-Wunused-command-line-argument]
flang-new: warning: -lm: 'linker' input unused [-Wunused-command-line-argument]
flang-new: warning: -lm: 'linker' input unused [-Wunused-command-line-argument]
flang-new: warning: -lm: 'linker' input unused [-Wunused-command-line-argument]
flang-new: warning: -lm: 'linker' input unused [-Wunused-command-line-argument]
flang-new: warning: -lm: 'linker' input unused [-Wunused-command-line-argument]
flang-new: warning: -lm: 'linker' input unused [-Wunused-command-line-argument]
flang-new: warning: -lm: 'linker' input unused [-Wunused-command-line-argument]
flang-new: warning: -lm: 'linker' input unused [-Wunused-command-line-argument]
flang-new: warning: -lm: 'linker' input unused [-Wunused-command-line-argument]
flang-new: warning: -lm: 'linker' input unused [-Wunused-command-line-argument]
flang-new: warning: -lm: 'linker' input unused [-Wunused-command-line-argument]
flang-new: warning: -lm: 'linker' input unused [-Wunused-command-line-argument]
flang-new: warning: -lm: 'linker' input unused [-Wunused-command-line-argument]
flang-new: warning: -lm: 'linker' input unused [-Wunused-command-line-argument]
flang-new: warning: -lm: 'linker' input unused [-Wunused-command-line-argument]
flang-new: warning: -lm: 'linker' input unused [-Wunused-command-line-argument]
flang-new: warning: -lm: 'linker' input unused [-Wunused-command-line-argument]
flang-new: warning: -lm: 'linker' input unused [-Wunused-command-line-argument]
flang-new: warning: -lm: 'linker' input unused [-Wunused-command-line-argument]
flang-new: warning: -lm: 'linker' input unused [-Wunused-command-line-argument]
flang-new: warning: -lm: 'linker' input unused [-Wunused-command-line-argument]
flang-new: warning: -lm: 'linker' input unused [-Wunused-command-line-argument]
flang-new: warning: -lm: 'linker' input unused [-Wunused-command-line-argument]
flang-new: warning: -lm: 'linker' input unused [-Wunused-command-line-argument]
flang-new: warning: -lm: 'linker' input unused [-Wunused-command-line-argument]
flang-new: warning: -lm: 'linker' input unused [-Wunused-command-line-argument]
flang-new: warning: -lm: 'linker' input unused [-Wunused-command-line-argument]
flang-new: warning: -lm: 'linker' input unused [-Wunused-command-line-argument]
flang-new: warning: -lm: 'linker' input unused [-Wunused-command-line-argument]
flang-new: warning: -lm: 'linker' input unused [-Wunused-command-line-argument]
flang-new: warning: -lm: 'linker' input unused [-Wunused-command-line-argument]
flang-new: warning: -lm: 'linker' input unused [-Wunused-command-line-argument]
flang-new: warning: -lm: 'linker' input unused [-Wunused-command-line-argument]
flang-new: warning: -lm: 'linker' input unused [-Wunused-command-line-argument]
flang-new: warning: -lm: 'linker' input unused [-Wunused-command-line-argument]
flang-new: warning: -lm: 'linker' input unused [-Wunused-command-line-argument]
flang-new: warning: -lm: 'linker' input unused [-Wunused-command-line-argument]
flang-new: warning: -lm: 'linker' input unused [-Wunused-command-line-argument]
