clang: warning: -lm: 'linker' input unused [-Wunused-command-line-argument]
clang: warning: -lm: 'linker' input unused [-Wunused-command-line-argument]
flang-new: warning: -lm: 'linker' input unused [-Wunused-command-line-argument]
flang-new: warning: -lm: 'linker' input unused [-Wunused-command-line-argument]
flang-new: warning: -lm: 'linker' input unused [-Wunused-command-line-argument]
flang-new: warning: -lm: 'linker' input unused [-Wunused-command-line-argument]
flang-new: warning: -lm: 'linker' input unused [-Wunused-command-line-argument]
flang-new: warning: -lm: 'linker' input unused [-Wunused-command-line-argument]
clang: warning: -lm: 'linker' input unused [-Wunused-command-line-argument]
clang: warning: -lm: 'linker' input unused [-Wunused-command-line-argument]
clang: warning: -lm: 'linker' input unused [-Wunused-command-line-argument]
clang: warning: -lm: 'linker' input unused [-Wunused-command-line-argument]
clang: warning: -lpapi: 'linker' input unused [-Wunused-command-line-argument]
clang: warning: -lpthread: 'linker' input unused [-Wunused-command-line-argument]
clang: warning: argument unused during compilation: '-L/scr/studyztp/test/NPB3.4-OMP-custom-makefile/common/all_papi/aarch64/lib' [-Wunused-command-line-argument]
clang: warning: -lm: 'linker' input unused [-Wunused-command-line-argument]
clang: warning: -lpapi: 'linker' input unused [-Wunused-command-line-argument]
clang: warning: -lpthread: 'linker' input unused [-Wunused-command-line-argument]
clang: warning: argument unused during compilation: '-L/scr/studyztp/test/NPB3.4-OMP-custom-makefile/common/all_papi/aarch64/lib' [-Wunused-command-line-argument]
clang: warning: -lm: 'linker' input unused [-Wunused-command-line-argument]
clang: warning: -lm5: 'linker' input unused [-Wunused-command-line-argument]
clang: warning: argument unused during compilation: '-no-pie' [-Wunused-command-line-argument]
clang: warning: argument unused during compilation: '-L/scr/studyztp/test/NPB3.4-OMP-custom-makefile/common/gem5/all_outs/aarch64' [-Wunused-command-line-argument]
clang: warning: -lm: 'linker' input unused [-Wunused-command-line-argument]
clang: warning: -lpapi: 'linker' input unused [-Wunused-command-line-argument]
clang: warning: -lpthread: 'linker' input unused [-Wunused-command-line-argument]
clang: warning: argument unused during compilation: '-L/scr/studyztp/test/NPB3.4-OMP-custom-makefile/common/all_papi/aarch64/lib' [-Wunused-command-line-argument]
clang: warning: -lm: 'linker' input unused [-Wunused-command-line-argument]
clang: warning: -lm: 'linker' input unused [-Wunused-command-line-argument]
clang: warning: -lpapi: 'linker' input unused [-Wunused-command-line-argument]
clang: warning: -lpthread: 'linker' input unused [-Wunused-command-line-argument]
clang: warning: argument unused during compilation: '-L/scr/studyztp/test/NPB3.4-OMP-custom-makefile/common/all_papi/aarch64/lib' [-Wunused-command-line-argument]
clang: warning: -lm: 'linker' input unused [-Wunused-command-line-argument]
clang: warning: -lm5: 'linker' input unused [-Wunused-command-line-argument]
clang: warning: argument unused during compilation: '-no-pie' [-Wunused-command-line-argument]
clang: warning: argument unused during compilation: '-L/scr/studyztp/test/NPB3.4-OMP-custom-makefile/common/gem5/all_outs/aarch64' [-Wunused-command-line-argument]
clang: warning: -lm: 'linker' input unused [-Wunused-command-line-argument]
clang: warning: -lm5: 'linker' input unused [-Wunused-command-line-argument]
clang: warning: argument unused during compilation: '-no-pie' [-Wunused-command-line-argument]
clang: warning: argument unused during compilation: '-L/scr/studyztp/test/NPB3.4-OMP-custom-makefile/common/gem5/all_outs/aarch64' [-Wunused-command-line-argument]
clang: warning: -lm: 'linker' input unused [-Wunused-command-line-argument]
clang: warning: -lm: 'linker' input unused [-Wunused-command-line-argument]
clang: warning: -lpapi: 'linker' input unused [-Wunused-command-line-argument]
clang: warning: -lpthread: 'linker' input unused [-Wunused-command-line-argument]
clang: warning: argument unused during compilation: '-L/scr/studyztp/test/NPB3.4-OMP-custom-makefile/common/all_papi/aarch64/lib' [-Wunused-command-line-argument]
clang: warning: -lm: 'linker' input unused [-Wunused-command-line-argument]
clang: warning: -lpapi: 'linker' input unused [-Wunused-command-line-argument]
clang: warning: -lpthread: 'linker' input unused [-Wunused-command-line-argument]
clang: warning: argument unused during compilation: '-L/scr/studyztp/test/NPB3.4-OMP-custom-makefile/common/all_papi/aarch64/lib' [-Wunused-command-line-argument]
clang: warning: -lm: 'linker' input unused [-Wunused-command-line-argument]
clang: warning: -lm5: 'linker' input unused [-Wunused-command-line-argument]
clang: warning: argument unused during compilation: '-no-pie' [-Wunused-command-line-argument]
clang: warning: argument unused during compilation: '-L/scr/studyztp/test/NPB3.4-OMP-custom-makefile/common/gem5/all_outs/aarch64' [-Wunused-command-line-argument]
clang: warning: -lm: 'linker' input unused [-Wunused-command-line-argument]
clang: warning: -lpapi: 'linker' input unused [-Wunused-command-line-argument]
clang: warning: -lpthread: 'linker' input unused [-Wunused-command-line-argument]
clang: warning: argument unused during compilation: '-L/scr/studyztp/test/NPB3.4-OMP-custom-makefile/common/all_papi/aarch64/lib' [-Wunused-command-line-argument]
clang: warning: -lm: 'linker' input unused [-Wunused-command-line-argument]
clang: warning: -lm5: 'linker' input unused [-Wunused-command-line-argument]
clang: warning: argument unused during compilation: '-no-pie' [-Wunused-command-line-argument]
clang: warning: argument unused during compilation: '-L/scr/studyztp/test/NPB3.4-OMP-custom-makefile/common/gem5/all_outs/aarch64' [-Wunused-command-line-argument]
flang-new: warning: -lm: 'linker' input unused [-Wunused-command-line-argument]
flang-new: warning: -lm: 'linker' input unused [-Wunused-command-line-argument]
flang-new: warning: -lm: 'linker' input unused [-Wunused-command-line-argument]
./initialize.f90:103:13: warning: Reference to the procedure 'exact_solution' has an implicit interface that is distinct from another reference: incompatible dummy argument #4: incompatible dummy data object shapes
              call exact_solution(xi, eta, zeta, temp)
              ^^^^^^^^^^^^^^^^^^^^^^^^^^^^^^^^^^^^^^^^
./initialize.f90:57:19: previous reference to 'exact_solution'
                    call exact_solution(dble(ix-1), eta, zeta,   &
                    ^
./initialize.f90:122:13: warning: Reference to the procedure 'exact_solution' has an implicit interface that is distinct from another reference: incompatible dummy argument #4: incompatible dummy data object shapes
              call exact_solution(xi, eta, zeta, temp)
              ^^^^^^^^^^^^^^^^^^^^^^^^^^^^^^^^^^^^^^^^
./initialize.f90:57:19: previous reference to 'exact_solution'
                    call exact_solution(dble(ix-1), eta, zeta,   &
                    ^
./initialize.f90:140:13: warning: Reference to the procedure 'exact_solution' has an implicit interface that is distinct from another reference: incompatible dummy argument #4: incompatible dummy data object shapes
              call exact_solution(xi, eta, zeta, temp)
              ^^^^^^^^^^^^^^^^^^^^^^^^^^^^^^^^^^^^^^^^
./initialize.f90:57:19: previous reference to 'exact_solution'
                    call exact_solution(dble(ix-1), eta, zeta,   &
                    ^
./initialize.f90:159:13: warning: Reference to the procedure 'exact_solution' has an implicit interface that is distinct from another reference: incompatible dummy argument #4: incompatible dummy data object shapes
              call exact_solution(xi, eta, zeta, temp)
              ^^^^^^^^^^^^^^^^^^^^^^^^^^^^^^^^^^^^^^^^
./initialize.f90:57:19: previous reference to 'exact_solution'
                    call exact_solution(dble(ix-1), eta, zeta,   &
                    ^
./initialize.f90:177:13: warning: Reference to the procedure 'exact_solution' has an implicit interface that is distinct from another reference: incompatible dummy argument #4: incompatible dummy data object shapes
              call exact_solution(xi, eta, zeta, temp)
              ^^^^^^^^^^^^^^^^^^^^^^^^^^^^^^^^^^^^^^^^
./initialize.f90:57:19: previous reference to 'exact_solution'
                    call exact_solution(dble(ix-1), eta, zeta,   &
                    ^
./initialize.f90:195:13: warning: Reference to the procedure 'exact_solution' has an implicit interface that is distinct from another reference: incompatible dummy argument #4: incompatible dummy data object shapes
              call exact_solution(xi, eta, zeta, temp)
              ^^^^^^^^^^^^^^^^^^^^^^^^^^^^^^^^^^^^^^^^
./initialize.f90:57:19: previous reference to 'exact_solution'
                    call exact_solution(dble(ix-1), eta, zeta,   &
                    ^
flang-new: warning: -lm: 'linker' input unused [-Wunused-command-line-argument]
flang-new: warning: -lm: 'linker' input unused [-Wunused-command-line-argument]
flang-new: warning: -lm: 'linker' input unused [-Wunused-command-line-argument]
flang-new: warning: -lm: 'linker' input unused [-Wunused-command-line-argument]
flang-new: warning: -lm: 'linker' input unused [-Wunused-command-line-argument]
flang-new: warning: -lm: 'linker' input unused [-Wunused-command-line-argument]
flang-new: warning: -lm: 'linker' input unused [-Wunused-command-line-argument]
flang-new: warning: -lm: 'linker' input unused [-Wunused-command-line-argument]
flang-new: warning: -lm: 'linker' input unused [-Wunused-command-line-argument]
flang-new: warning: -lm: 'linker' input unused [-Wunused-command-line-argument]
flang-new: warning: -lm: 'linker' input unused [-Wunused-command-line-argument]
flang-new: warning: -lm: 'linker' input unused [-Wunused-command-line-argument]
flang-new: warning: -lm: 'linker' input unused [-Wunused-command-line-argument]
flang-new: warning: -lm: 'linker' input unused [-Wunused-command-line-argument]
flang-new: warning: -lm: 'linker' input unused [-Wunused-command-line-argument]
flang-new: warning: -lm: 'linker' input unused [-Wunused-command-line-argument]
./initialize.f90:103:13: warning: Reference to the procedure 'exact_solution' has an implicit interface that is distinct from another reference: incompatible dummy argument #4: incompatible dummy data object shapes
              call exact_solution(xi, eta, zeta, temp)
              ^^^^^^^^^^^^^^^^^^^^^^^^^^^^^^^^^^^^^^^^
./initialize.f90:57:19: previous reference to 'exact_solution'
                    call exact_solution(dble(ix-1), eta, zeta,   &
                    ^
./initialize.f90:122:13: warning: Reference to the procedure 'exact_solution' has an implicit interface that is distinct from another reference: incompatible dummy argument #4: incompatible dummy data object shapes
              call exact_solution(xi, eta, zeta, temp)
              ^^^^^^^^^^^^^^^^^^^^^^^^^^^^^^^^^^^^^^^^
./initialize.f90:57:19: previous reference to 'exact_solution'
                    call exact_solution(dble(ix-1), eta, zeta,   &
                    ^
./initialize.f90:140:13: warning: Reference to the procedure 'exact_solution' has an implicit interface that is distinct from another reference: incompatible dummy argument #4: incompatible dummy data object shapes
              call exact_solution(xi, eta, zeta, temp)
              ^^^^^^^^^^^^^^^^^^^^^^^^^^^^^^^^^^^^^^^^
./initialize.f90:57:19: previous reference to 'exact_solution'
                    call exact_solution(dble(ix-1), eta, zeta,   &
                    ^
./initialize.f90:159:13: warning: Reference to the procedure 'exact_solution' has an implicit interface that is distinct from another reference: incompatible dummy argument #4: incompatible dummy data object shapes
              call exact_solution(xi, eta, zeta, temp)
              ^^^^^^^^^^^^^^^^^^^^^^^^^^^^^^^^^^^^^^^^
./initialize.f90:57:19: previous reference to 'exact_solution'
                    call exact_solution(dble(ix-1), eta, zeta,   &
                    ^
./initialize.f90:177:13: warning: Reference to the procedure 'exact_solution' has an implicit interface that is distinct from another reference: incompatible dummy argument #4: incompatible dummy data object shapes
              call exact_solution(xi, eta, zeta, temp)
              ^^^^^^^^^^^^^^^^^^^^^^^^^^^^^^^^^^^^^^^^
./initialize.f90:57:19: previous reference to 'exact_solution'
                    call exact_solution(dble(ix-1), eta, zeta,   &
                    ^
./initialize.f90:195:13: warning: Reference to the procedure 'exact_solution' has an implicit interface that is distinct from another reference: incompatible dummy argument #4: incompatible dummy data object shapes
              call exact_solution(xi, eta, zeta, temp)
              ^^^^^^^^^^^^^^^^^^^^^^^^^^^^^^^^^^^^^^^^
./initialize.f90:57:19: previous reference to 'exact_solution'
                    call exact_solution(dble(ix-1), eta, zeta,   &
                    ^
flang-new: warning: -lm: 'linker' input unused [-Wunused-command-line-argument]
flang-new: warning: -lm: 'linker' input unused [-Wunused-command-line-argument]
flang-new: warning: -lm: 'linker' input unused [-Wunused-command-line-argument]
flang-new: warning: -lm: 'linker' input unused [-Wunused-command-line-argument]
flang-new: warning: -lm: 'linker' input unused [-Wunused-command-line-argument]
flang-new: warning: -lm: 'linker' input unused [-Wunused-command-line-argument]
flang-new: warning: -lm: 'linker' input unused [-Wunused-command-line-argument]
flang-new: warning: -lm: 'linker' input unused [-Wunused-command-line-argument]
flang-new: warning: -lm: 'linker' input unused [-Wunused-command-line-argument]
flang-new: warning: -lm: 'linker' input unused [-Wunused-command-line-argument]
flang-new: warning: -lm: 'linker' input unused [-Wunused-command-line-argument]
flang-new: warning: -lm: 'linker' input unused [-Wunused-command-line-argument]
flang-new: warning: -lm: 'linker' input unused [-Wunused-command-line-argument]
flang-new: warning: -lm: 'linker' input unused [-Wunused-command-line-argument]
flang-new: warning: -lm: 'linker' input unused [-Wunused-command-line-argument]
flang-new: warning: -lm: 'linker' input unused [-Wunused-command-line-argument]
./initialize.f90:103:13: warning: Reference to the procedure 'exact_solution' has an implicit interface that is distinct from another reference: incompatible dummy argument #4: incompatible dummy data object shapes
              call exact_solution(xi, eta, zeta, temp)
              ^^^^^^^^^^^^^^^^^^^^^^^^^^^^^^^^^^^^^^^^
./initialize.f90:57:19: previous reference to 'exact_solution'
                    call exact_solution(dble(ix-1), eta, zeta,   &
                    ^
./initialize.f90:122:13: warning: Reference to the procedure 'exact_solution' has an implicit interface that is distinct from another reference: incompatible dummy argument #4: incompatible dummy data object shapes
              call exact_solution(xi, eta, zeta, temp)
              ^^^^^^^^^^^^^^^^^^^^^^^^^^^^^^^^^^^^^^^^
./initialize.f90:57:19: previous reference to 'exact_solution'
                    call exact_solution(dble(ix-1), eta, zeta,   &
                    ^
./initialize.f90:140:13: warning: Reference to the procedure 'exact_solution' has an implicit interface that is distinct from another reference: incompatible dummy argument #4: incompatible dummy data object shapes
              call exact_solution(xi, eta, zeta, temp)
              ^^^^^^^^^^^^^^^^^^^^^^^^^^^^^^^^^^^^^^^^
./initialize.f90:57:19: previous reference to 'exact_solution'
                    call exact_solution(dble(ix-1), eta, zeta,   &
                    ^
./initialize.f90:159:13: warning: Reference to the procedure 'exact_solution' has an implicit interface that is distinct from another reference: incompatible dummy argument #4: incompatible dummy data object shapes
              call exact_solution(xi, eta, zeta, temp)
              ^^^^^^^^^^^^^^^^^^^^^^^^^^^^^^^^^^^^^^^^
./initialize.f90:57:19: previous reference to 'exact_solution'
                    call exact_solution(dble(ix-1), eta, zeta,   &
                    ^
./initialize.f90:177:13: warning: Reference to the procedure 'exact_solution' has an implicit interface that is distinct from another reference: incompatible dummy argument #4: incompatible dummy data object shapes
              call exact_solution(xi, eta, zeta, temp)
              ^^^^^^^^^^^^^^^^^^^^^^^^^^^^^^^^^^^^^^^^
./initialize.f90:57:19: previous reference to 'exact_solution'
                    call exact_solution(dble(ix-1), eta, zeta,   &
                    ^
./initialize.f90:195:13: warning: Reference to the procedure 'exact_solution' has an implicit interface that is distinct from another reference: incompatible dummy argument #4: incompatible dummy data object shapes
              call exact_solution(xi, eta, zeta, temp)
              ^^^^^^^^^^^^^^^^^^^^^^^^^^^^^^^^^^^^^^^^
./initialize.f90:57:19: previous reference to 'exact_solution'
                    call exact_solution(dble(ix-1), eta, zeta,   &
                    ^
flang-new: warning: -lm: 'linker' input unused [-Wunused-command-line-argument]
flang-new: warning: -lm: 'linker' input unused [-Wunused-command-line-argument]
flang-new: warning: -lm: 'linker' input unused [-Wunused-command-line-argument]
flang-new: warning: -lm: 'linker' input unused [-Wunused-command-line-argument]
flang-new: warning: -lm: 'linker' input unused [-Wunused-command-line-argument]
flang-new: warning: -lm: 'linker' input unused [-Wunused-command-line-argument]
flang-new: warning: -lm: 'linker' input unused [-Wunused-command-line-argument]
flang-new: warning: -lm: 'linker' input unused [-Wunused-command-line-argument]
flang-new: warning: -lm: 'linker' input unused [-Wunused-command-line-argument]
flang-new: warning: -lm: 'linker' input unused [-Wunused-command-line-argument]
flang-new: warning: -lm: 'linker' input unused [-Wunused-command-line-argument]
flang-new: warning: -lm: 'linker' input unused [-Wunused-command-line-argument]
flang-new: warning: -lm: 'linker' input unused [-Wunused-command-line-argument]
flang-new: warning: -lm: 'linker' input unused [-Wunused-command-line-argument]
flang-new: warning: -lm: 'linker' input unused [-Wunused-command-line-argument]
flang-new: warning: -lm: 'linker' input unused [-Wunused-command-line-argument]
./initialize.f90:103:13: warning: Reference to the procedure 'exact_solution' has an implicit interface that is distinct from another reference: incompatible dummy argument #4: incompatible dummy data object shapes
              call exact_solution(xi, eta, zeta, temp)
              ^^^^^^^^^^^^^^^^^^^^^^^^^^^^^^^^^^^^^^^^
./initialize.f90:57:19: previous reference to 'exact_solution'
                    call exact_solution(dble(ix-1), eta, zeta,   &
                    ^
./initialize.f90:122:13: warning: Reference to the procedure 'exact_solution' has an implicit interface that is distinct from another reference: incompatible dummy argument #4: incompatible dummy data object shapes
              call exact_solution(xi, eta, zeta, temp)
              ^^^^^^^^^^^^^^^^^^^^^^^^^^^^^^^^^^^^^^^^
./initialize.f90:57:19: previous reference to 'exact_solution'
                    call exact_solution(dble(ix-1), eta, zeta,   &
                    ^
./initialize.f90:140:13: warning: Reference to the procedure 'exact_solution' has an implicit interface that is distinct from another reference: incompatible dummy argument #4: incompatible dummy data object shapes
              call exact_solution(xi, eta, zeta, temp)
              ^^^^^^^^^^^^^^^^^^^^^^^^^^^^^^^^^^^^^^^^
./initialize.f90:57:19: previous reference to 'exact_solution'
                    call exact_solution(dble(ix-1), eta, zeta,   &
                    ^
./initialize.f90:159:13: warning: Reference to the procedure 'exact_solution' has an implicit interface that is distinct from another reference: incompatible dummy argument #4: incompatible dummy data object shapes
              call exact_solution(xi, eta, zeta, temp)
              ^^^^^^^^^^^^^^^^^^^^^^^^^^^^^^^^^^^^^^^^
./initialize.f90:57:19: previous reference to 'exact_solution'
                    call exact_solution(dble(ix-1), eta, zeta,   &
                    ^
./initialize.f90:177:13: warning: Reference to the procedure 'exact_solution' has an implicit interface that is distinct from another reference: incompatible dummy argument #4: incompatible dummy data object shapes
              call exact_solution(xi, eta, zeta, temp)
              ^^^^^^^^^^^^^^^^^^^^^^^^^^^^^^^^^^^^^^^^
./initialize.f90:57:19: previous reference to 'exact_solution'
                    call exact_solution(dble(ix-1), eta, zeta,   &
                    ^
./initialize.f90:195:13: warning: Reference to the procedure 'exact_solution' has an implicit interface that is distinct from another reference: incompatible dummy argument #4: incompatible dummy data object shapes
              call exact_solution(xi, eta, zeta, temp)
              ^^^^^^^^^^^^^^^^^^^^^^^^^^^^^^^^^^^^^^^^
./initialize.f90:57:19: previous reference to 'exact_solution'
                    call exact_solution(dble(ix-1), eta, zeta,   &
                    ^
flang-new: warning: -lm: 'linker' input unused [-Wunused-command-line-argument]
flang-new: warning: -lm: 'linker' input unused [-Wunused-command-line-argument]
flang-new: warning: -lm: 'linker' input unused [-Wunused-command-line-argument]
flang-new: warning: -lm: 'linker' input unused [-Wunused-command-line-argument]
flang-new: warning: -lm: 'linker' input unused [-Wunused-command-line-argument]
flang-new: warning: -lm: 'linker' input unused [-Wunused-command-line-argument]
flang-new: warning: -lm: 'linker' input unused [-Wunused-command-line-argument]
flang-new: warning: -lm: 'linker' input unused [-Wunused-command-line-argument]
flang-new: warning: -lm: 'linker' input unused [-Wunused-command-line-argument]
flang-new: warning: -lm: 'linker' input unused [-Wunused-command-line-argument]
flang-new: warning: -lm: 'linker' input unused [-Wunused-command-line-argument]
flang-new: warning: -lm: 'linker' input unused [-Wunused-command-line-argument]
flang-new: warning: -lm: 'linker' input unused [-Wunused-command-line-argument]
flang-new: warning: -lm: 'linker' input unused [-Wunused-command-line-argument]
flang-new: warning: -lm: 'linker' input unused [-Wunused-command-line-argument]
flang-new: warning: -lm: 'linker' input unused [-Wunused-command-line-argument]
./initialize.f90:103:13: warning: Reference to the procedure 'exact_solution' has an implicit interface that is distinct from another reference: incompatible dummy argument #4: incompatible dummy data object shapes
              call exact_solution(xi, eta, zeta, temp)
              ^^^^^^^^^^^^^^^^^^^^^^^^^^^^^^^^^^^^^^^^
./initialize.f90:57:19: previous reference to 'exact_solution'
                    call exact_solution(dble(ix-1), eta, zeta,   &
                    ^
./initialize.f90:122:13: warning: Reference to the procedure 'exact_solution' has an implicit interface that is distinct from another reference: incompatible dummy argument #4: incompatible dummy data object shapes
              call exact_solution(xi, eta, zeta, temp)
              ^^^^^^^^^^^^^^^^^^^^^^^^^^^^^^^^^^^^^^^^
./initialize.f90:57:19: previous reference to 'exact_solution'
                    call exact_solution(dble(ix-1), eta, zeta,   &
                    ^
./initialize.f90:140:13: warning: Reference to the procedure 'exact_solution' has an implicit interface that is distinct from another reference: incompatible dummy argument #4: incompatible dummy data object shapes
              call exact_solution(xi, eta, zeta, temp)
              ^^^^^^^^^^^^^^^^^^^^^^^^^^^^^^^^^^^^^^^^
./initialize.f90:57:19: previous reference to 'exact_solution'
                    call exact_solution(dble(ix-1), eta, zeta,   &
                    ^
./initialize.f90:159:13: warning: Reference to the procedure 'exact_solution' has an implicit interface that is distinct from another reference: incompatible dummy argument #4: incompatible dummy data object shapes
              call exact_solution(xi, eta, zeta, temp)
              ^^^^^^^^^^^^^^^^^^^^^^^^^^^^^^^^^^^^^^^^
./initialize.f90:57:19: previous reference to 'exact_solution'
                    call exact_solution(dble(ix-1), eta, zeta,   &
                    ^
./initialize.f90:177:13: warning: Reference to the procedure 'exact_solution' has an implicit interface that is distinct from another reference: incompatible dummy argument #4: incompatible dummy data object shapes
              call exact_solution(xi, eta, zeta, temp)
              ^^^^^^^^^^^^^^^^^^^^^^^^^^^^^^^^^^^^^^^^
./initialize.f90:57:19: previous reference to 'exact_solution'
                    call exact_solution(dble(ix-1), eta, zeta,   &
                    ^
./initialize.f90:195:13: warning: Reference to the procedure 'exact_solution' has an implicit interface that is distinct from another reference: incompatible dummy argument #4: incompatible dummy data object shapes
              call exact_solution(xi, eta, zeta, temp)
              ^^^^^^^^^^^^^^^^^^^^^^^^^^^^^^^^^^^^^^^^
./initialize.f90:57:19: previous reference to 'exact_solution'
                    call exact_solution(dble(ix-1), eta, zeta,   &
                    ^
flang-new: warning: -lm: 'linker' input unused [-Wunused-command-line-argument]
flang-new: warning: -lm: 'linker' input unused [-Wunused-command-line-argument]
flang-new: warning: -lm: 'linker' input unused [-Wunused-command-line-argument]
flang-new: warning: -lm: 'linker' input unused [-Wunused-command-line-argument]
flang-new: warning: -lm: 'linker' input unused [-Wunused-command-line-argument]
flang-new: warning: -lm: 'linker' input unused [-Wunused-command-line-argument]
flang-new: warning: -lm: 'linker' input unused [-Wunused-command-line-argument]
flang-new: warning: -lm: 'linker' input unused [-Wunused-command-line-argument]
flang-new: warning: -lm: 'linker' input unused [-Wunused-command-line-argument]
flang-new: warning: -lm: 'linker' input unused [-Wunused-command-line-argument]
flang-new: warning: -lm: 'linker' input unused [-Wunused-command-line-argument]
flang-new: warning: -lm: 'linker' input unused [-Wunused-command-line-argument]
flang-new: warning: -lm: 'linker' input unused [-Wunused-command-line-argument]
